Library/Bee/Android/Prj/Mono2x/Gradle/launcher/build/intermediates/manifest_merge_blame_file/release/manifest-merger-blame-release-report.txt
1<?xml version="1.0" encoding="utf-8"?>
2<manifest xmlns:android="http://schemas.android.com/apk/res/android"
3    package="com.DefaultCompany.NewCeasar"
4    android:installLocation="preferExternal"
5    android:versionCode="1"
6    android:versionName="1.0" >
7
8    <uses-sdk
9        android:minSdkVersion="22"
9-->src\main\AndroidManifest.xml
10        android:targetSdkVersion="30" />
10-->src\main\AndroidManifest.xml
11
12    <supports-screens
12-->src\main\AndroidManifest.xml:3:3-163
13        android:anyDensity="true"
13-->src\main\AndroidManifest.xml:3:135-160
14        android:largeScreens="true"
14-->src\main\AndroidManifest.xml:3:78-105
15        android:normalScreens="true"
15-->src\main\AndroidManifest.xml:3:49-77
16        android:smallScreens="true"
16-->src\main\AndroidManifest.xml:3:21-48
17        android:xlargeScreens="true" />
17-->src\main\AndroidManifest.xml:3:106-134
18
19    <uses-feature android:glEsVersion="0x00030000" />
19-->[:unityLibrary] AndroidManifest.xml:12:5-54
19-->[:unityLibrary] AndroidManifest.xml:12:19-51
20    <uses-feature
20-->[:unityLibrary] AndroidManifest.xml:13:5-15:36
21        android:name="android.hardware.vulkan.version"
21-->[:unityLibrary] AndroidManifest.xml:14:9-55
22        android:required="false" />
22-->[:unityLibrary] AndroidManifest.xml:15:9-33
23
24    <uses-permission android:name="android.permission.INTERNET" />
24-->[:unityLibrary] AndroidManifest.xml:17:5-67
24-->[:unityLibrary] AndroidManifest.xml:17:22-64
25    <uses-permission android:name="android.permission.VIBRATE" />
25-->[:unityLibrary] AndroidManifest.xml:18:5-66
25-->[:unityLibrary] AndroidManifest.xml:18:22-63
26    <uses-permission android:name="android.permission.ACCESS_NETWORK_STATE" />
26-->[:unityLibrary] AndroidManifest.xml:19:5-79
26-->[:unityLibrary] AndroidManifest.xml:19:22-76
27    <uses-permission android:name="android.permission.ACCESS_FINE_LOCATION" />
27-->[:unityLibrary] AndroidManifest.xml:20:5-79
27-->[:unityLibrary] AndroidManifest.xml:20:22-76
28
29    <uses-feature
29-->[:unityLibrary] AndroidManifest.xml:22:5-24:36
30        android:name="android.hardware.location.gps"
30-->[:unityLibrary] AndroidManifest.xml:23:9-53
31        android:required="false" />
31-->[:unityLibrary] AndroidManifest.xml:24:9-33
32    <uses-feature
32-->[:unityLibrary] AndroidManifest.xml:25:5-27:36
33        android:name="android.hardware.location"
33-->[:unityLibrary] AndroidManifest.xml:26:9-49
34        android:required="false" />
34-->[:unityLibrary] AndroidManifest.xml:27:9-33
35    <uses-feature
35-->[:unityLibrary] AndroidManifest.xml:28:5-30:36
36        android:name="android.hardware.sensor.accelerometer"
36-->[:unityLibrary] AndroidManifest.xml:29:9-61
37        android:required="false" />
37-->[:unityLibrary] AndroidManifest.xml:30:9-33
38    <uses-feature
38-->[:unityLibrary] AndroidManifest.xml:31:5-33:36
39        android:name="android.hardware.touchscreen"
39-->[:unityLibrary] AndroidManifest.xml:32:9-52
40        android:required="false" />
40-->[:unityLibrary] AndroidManifest.xml:33:9-33
41    <uses-feature
41-->[:unityLibrary] AndroidManifest.xml:34:5-36:36
42        android:name="android.hardware.touchscreen.multitouch"
42-->[:unityLibrary] AndroidManifest.xml:35:9-63
43        android:required="false" />
43-->[:unityLibrary] AndroidManifest.xml:36:9-33
44    <uses-feature
44-->[:unityLibrary] AndroidManifest.xml:37:5-39:36
45        android:name="android.hardware.touchscreen.multitouch.distinct"
45-->[:unityLibrary] AndroidManifest.xml:38:9-72
46        android:required="false" />
46-->[:unityLibrary] AndroidManifest.xml:39:9-33
47
48    <uses-permission android:name="android.permission.READ_EXTERNAL_STORAGE" />
48-->[:NativeGallery:] AndroidManifest.xml:4:2-98
48-->[:NativeGallery:] AndroidManifest.xml:4:19-74
49    <uses-permission android:name="android.permission.WRITE_EXTERNAL_STORAGE" />
49-->[:NativeGallery:] AndroidManifest.xml:5:2-99
49-->[:NativeGallery:] AndroidManifest.xml:5:19-75
50
51    <application
51-->src\main\AndroidManifest.xml:4:3-83
52        android:allowBackup="true"
52-->[:sqlite-android-3280000:] AndroidManifest.xml:10:9-35
53        android:extractNativeLibs="true"
53-->[:unityLibrary] AndroidManifest.xml:41:18-50
54        android:icon="@mipmap/app_icon"
54-->src\main\AndroidManifest.xml:4:49-80
55        android:label="@string/app_name"
55-->src\main\AndroidManifest.xml:4:16-48
56        android:requestLegacyExternalStorage="true"
56-->[:NativeGallery:] AndroidManifest.xml:6:15-58
57        android:supportsRtl="true" >
57-->[:sqlite-android-3280000:] AndroidManifest.xml:12:9-35
58        <activity
58-->[:unityLibrary] AndroidManifest.xml:42:9-62:20
59            android:name="com.unity3d.player.UnityPlayerActivity"
59-->[:unityLibrary] AndroidManifest.xml:43:13-66
60            android:configChanges="mcc|mnc|locale|touchscreen|keyboard|keyboardHidden|navigation|orientation|screenLayout|uiMode|screenSize|smallestScreenSize|fontScale|layoutDirection|density"
60-->[:unityLibrary] AndroidManifest.xml:44:13-194
61            android:hardwareAccelerated="false"
61-->[:unityLibrary] AndroidManifest.xml:45:13-48
62            android:launchMode="singleTask"
62-->[:unityLibrary] AndroidManifest.xml:46:13-44
63            android:resizeableActivity="false"
63-->[:unityLibrary] AndroidManifest.xml:47:13-47
64            android:screenOrientation="fullUser"
64-->[:unityLibrary] AndroidManifest.xml:48:13-49
65            android:theme="@style/UnityThemeSelector" >
65-->[:unityLibrary] AndroidManifest.xml:49:13-54
66            <intent-filter>
66-->[:unityLibrary] AndroidManifest.xml:50:13-54:29
67                <action android:name="android.intent.action.MAIN" />
67-->[:unityLibrary] AndroidManifest.xml:51:17-69
67-->[:unityLibrary] AndroidManifest.xml:51:25-66
68
69                <category android:name="android.intent.category.LAUNCHER" />
69-->[:unityLibrary] AndroidManifest.xml:53:17-77
69-->[:unityLibrary] AndroidManifest.xml:53:27-74
70            </intent-filter>
71
72            <meta-data
72-->[:unityLibrary] AndroidManifest.xml:56:13-58:40
73                android:name="unityplayer.UnityActivity"
73-->[:unityLibrary] AndroidManifest.xml:57:17-57
74                android:value="true" />
74-->[:unityLibrary] AndroidManifest.xml:58:17-37
75            <meta-data
75-->[:unityLibrary] AndroidManifest.xml:59:13-61:40
76                android:name="android.notch_support"
76-->[:unityLibrary] AndroidManifest.xml:60:17-53
77                android:value="true" />
77-->[:unityLibrary] AndroidManifest.xml:61:17-37
78        </activity>
79
80        <meta-data
80-->[:unityLibrary] AndroidManifest.xml:64:9-66:33
81            android:name="unity.splash-mode"
81-->[:unityLibrary] AndroidManifest.xml:65:13-45
82            android:value="0" />
82-->[:unityLibrary] AndroidManifest.xml:66:13-30
83        <meta-data
83-->[:unityLibrary] AndroidManifest.xml:67:9-69:36
84            android:name="unity.splash-enable"
84-->[:unityLibrary] AndroidManifest.xml:68:13-47
85            android:value="True" />
85-->[:unityLibrary] AndroidManifest.xml:69:13-33
86        <meta-data
86-->[:unityLibrary] AndroidManifest.xml:70:9-72:36
87            android:name="unity.launch-fullscreen"
87-->[:unityLibrary] AndroidManifest.xml:71:13-51
88            android:value="True" />
88-->[:unityLibrary] AndroidManifest.xml:72:13-33
89        <meta-data
89-->[:unityLibrary] AndroidManifest.xml:73:9-75:37
90            android:name="unity.allow-resizable-window"
90-->[:unityLibrary] AndroidManifest.xml:74:13-56
91            android:value="False" />
91-->[:unityLibrary] AndroidManifest.xml:75:13-34
92        <meta-data
92-->[:unityLibrary] AndroidManifest.xml:76:9-78:50
93            android:name="notch.config"
93-->[:unityLibrary] AndroidManifest.xml:77:13-40
94            android:value="portrait|landscape" />
94-->[:unityLibrary] AndroidManifest.xml:78:13-47
95
96        <activity
96-->[:lunar-console:] AndroidManifest.xml:12:9-16:58
97            android:name="spacemadness.com.lunarconsole.settings.PluginSettingsActivity"
97-->[:lunar-console:] AndroidManifest.xml:13:13-89
98            android:icon="@drawable/lunar_console_icon_button_settings"
98-->[:lunar-console:] AndroidManifest.xml:14:13-72
99            android:label="@string/lunar_console_settings_activity_label"
99-->[:lunar-console:] AndroidManifest.xml:15:13-74
100            android:theme="@style/lunar_console_theme" />
100-->[:lunar-console:] AndroidManifest.xml:16:13-55
101    </application>
102
103</manifest>